2026-06-25 14:11:38,893 [INFO] ============================================================
2026-06-25 14:11:38,894 [INFO] SCRAPER PUTUSAN PN JAKARTA UTARA — PEMALSUAN (PASAL 263)
2026-06-25 14:11:38,895 [INFO] Target: {'pasal_263': 40}
2026-06-25 14:11:38,896 [INFO] ============================================================
2026-06-25 14:11:38,946 [INFO] --- Halaman listing 1 ---
2026-06-25 14:11:43,002 [INFO] Ditemukan 3 link di halaman 1
2026-06-25 14:11:48,205 [WARNING] Tidak mengandung pasal 263 / pemalsuan, skip: https://putusan3.mahkamahagung.go.id/direktori/putusan/zaf17064977d8228827f313430373536.html
2026-06-25 14:11:48,207 [WARNING] Skip (label None): MS TAPAK TUAN Nomor 83/Pdt.G/2026/MS.Ttn
2026-06-25 14:11:54,141 [WARNING] Tidak mengandung pasal 263 / pemalsuan, skip: https://putusan3.mahkamahagung.go.id/direktori/putusan/zaf170648f429a2699fe313430373432.html
2026-06-25 14:11:54,152 [WARNING] Skip (label None): PA LAHAT Nomor 416/Pdt.G/2026/PA.Lt
2026-06-25 14:12:00,108 [WARNING] Tidak mengandung pasal 263 / pemalsuan, skip: https://putusan3.mahkamahagung.go.id/direktori/putusan/zaf170648d25cf428a3a313430373339.html
2026-06-25 14:12:00,109 [WARNING] Skip (label None): PA LAHAT Nomor 414/Pdt.G/2026/PA.Lt
2026-06-25 14:12:03,159 [INFO] --- Halaman listing 2 ---
2026-06-25 14:12:06,447 [INFO] Ditemukan 3 link di halaman 2
2026-06-25 14:12:09,495 [WARNING] Tidak mengandung pasal 263 / pemalsuan, skip: https://putusan3.mahkamahagung.go.id/direktori/putusan/zaf17064977d8228827f313430373536.html
2026-06-25 14:12:09,496 [WARNING] Skip (label None): MS TAPAK TUAN Nomor 83/Pdt.G/2026/MS.Ttn
2026-06-25 14:12:13,072 [WARNING] Tidak mengandung pasal 263 / pemalsuan, skip: https://putusan3.mahkamahagung.go.id/direktori/putusan/zaf170648f429a2699fe313430373432.html
2026-06-25 14:12:13,073 [WARNING] Skip (label None): PA LAHAT Nomor 416/Pdt.G/2026/PA.Lt
2026-06-25 14:12:17,134 [WARNING] Tidak mengandung pasal 263 / pemalsuan, skip: https://putusan3.mahkamahagung.go.id/direktori/putusan/zaf170648d25cf428a3a313430373339.html
2026-06-25 14:12:17,136 [WARNING] Skip (label None): PA LAHAT Nomor 414/Pdt.G/2026/PA.Lt
2026-06-25 14:12:19,290 [INFO] --- Halaman listing 3 ---
2026-06-25 14:12:20,874 [INFO] Ditemukan 3 link di halaman 3
2026-06-25 14:12:24,573 [WARNING] Tidak mengandung pasal 263 / pemalsuan, skip: https://putusan3.mahkamahagung.go.id/direktori/putusan/zaf17064977d8228827f313430373536.html
2026-06-25 14:12:24,574 [WARNING] Skip (label None): MS TAPAK TUAN Nomor 83/Pdt.G/2026/MS.Ttn
2026-06-25 14:12:28,310 [WARNING] Tidak mengandung pasal 263 / pemalsuan, skip: https://putusan3.mahkamahagung.go.id/direktori/putusan/zaf170648f429a2699fe313430373432.html
2026-06-25 14:12:28,311 [WARNING] Skip (label None): PA LAHAT Nomor 416/Pdt.G/2026/PA.Lt
2026-06-25 14:12:31,143 [WARNING] Tidak mengandung pasal 263 / pemalsuan, skip: https://putusan3.mahkamahagung.go.id/direktori/putusan/zaf170648d25cf428a3a313430373339.html
2026-06-25 14:12:31,144 [WARNING] Skip (label None): PA LAHAT Nomor 414/Pdt.G/2026/PA.Lt
2026-06-25 14:12:34,864 [INFO] --- Halaman listing 4 ---
2026-06-25 14:12:36,622 [INFO] Ditemukan 3 link di halaman 4
2026-06-25 14:12:40,448 [WARNING] Tidak mengandung pasal 263 / pemalsuan, skip: https://putusan3.mahkamahagung.go.id/direktori/putusan/zaf17064977d8228827f313430373536.html
2026-06-25 14:12:40,449 [WARNING] Skip (label None): MS TAPAK TUAN Nomor 83/Pdt.G/2026/MS.Ttn
2026-06-25 14:12:43,239 [WARNING] Tidak mengandung pasal 263 / pemalsuan, skip: https://putusan3.mahkamahagung.go.id/direktori/putusan/zaf170648f429a2699fe313430373432.html
2026-06-25 14:12:43,240 [WARNING] Skip (label None): PA LAHAT Nomor 416/Pdt.G/2026/PA.Lt
2026-06-25 14:12:46,419 [WARNING] Tidak mengandung pasal 263 / pemalsuan, skip: https://putusan3.mahkamahagung.go.id/direktori/putusan/zaf170648d25cf428a3a313430373339.html
2026-06-25 14:12:46,420 [WARNING] Skip (label None): PA LAHAT Nomor 414/Pdt.G/2026/PA.Lt
2026-06-25 14:12:49,868 [INFO] --- Halaman listing 5 ---
2026-06-25 14:13:09,884 [ERROR] Gagal ambil halaman listing 5: HTTPSConnectionPool(host='putusan3.mahkamahagung.go.id', port=443): Read timed out. (read timeout=20)
2026-06-25 14:13:09,885 [WARNING] Halaman 5 gagal, lewati.
2026-06-25 14:13:13,858 [INFO] --- Halaman listing 6 ---
2026-06-25 14:13:16,244 [INFO] Ditemukan 3 link di halaman 6
2026-06-25 14:13:20,517 [WARNING] Tidak mengandung pasal 263 / pemalsuan, skip: https://putusan3.mahkamahagung.go.id/direktori/putusan/zaf17064d616fc808a63313430393431.html
2026-06-25 14:13:20,518 [WARNING] Skip (label None): PN BANJARBARU Nomor 61/Pdt.P/2026/PN Bjb
2026-06-25 14:13:25,619 [WARNING] Tidak mengandung pasal 263 / pemalsuan, skip: https://putusan3.mahkamahagung.go.id/direktori/putusan/zaf17064aeedfd16888a313430383335.html
2026-06-25 14:13:25,621 [WARNING] Skip (label None): PN PANGKALAN BUN Nomor 115/Pid.B/2026/PN Pbu
2026-06-25 14:13:30,031 [WARNING] Tidak mengandung pasal 263 / pemalsuan, skip: https://putusan3.mahkamahagung.go.id/direktori/putusan/zaf17064ab038374a541313430383239.html
2026-06-25 14:13:30,032 [WARNING] Skip (label None): PA LAHAT Nomor 173/Pdt.G/2026/PA.Lt
2026-06-25 14:13:32,204 [INFO] --- Halaman listing 7 ---
2026-06-25 14:13:34,186 [INFO] Ditemukan 3 link di halaman 7
2026-06-25 14:13:37,474 [WARNING] Tidak mengandung pasal 263 / pemalsuan, skip: https://putusan3.mahkamahagung.go.id/direktori/putusan/zaf17064d616fc808a63313430393431.html
2026-06-25 14:13:37,475 [WARNING] Skip (label None): PN BANJARBARU Nomor 61/Pdt.P/2026/PN Bjb
2026-06-25 14:13:42,283 [WARNING] Tidak mengandung pasal 263 / pemalsuan, skip: https://putusan3.mahkamahagung.go.id/direktori/putusan/zaf17064bc0ee712b2d6313430383537.html
2026-06-25 14:13:42,284 [WARNING] Skip (label None): PA TAHUNA Nomor 47/Pdt.G/2026/PA.Thn
2026-06-25 14:13:46,411 [WARNING] Tidak mengandung pasal 263 / pemalsuan, skip: https://putusan3.mahkamahagung.go.id/direktori/putusan/zaf17064afc394daa7aa313430383337.html
2026-06-25 14:13:46,412 [WARNING] Skip (label None): PN PANGKALAN BUN Nomor 114/Pid.B/2026/PN Pbu
2026-06-25 14:13:48,744 [INFO] --- Halaman listing 8 ---
2026-06-25 14:13:50,614 [INFO] Ditemukan 3 link di halaman 8
2026-06-25 14:13:53,730 [WARNING] Tidak mengandung pasal 263 / pemalsuan, skip: https://putusan3.mahkamahagung.go.id/direktori/putusan/zaf17064d616fc808a63313430393431.html
2026-06-25 14:13:53,732 [WARNING] Skip (label None): PN BANJARBARU Nomor 61/Pdt.P/2026/PN Bjb
2026-06-25 14:13:57,064 [WARNING] Tidak mengandung pasal 263 / pemalsuan, skip: https://putusan3.mahkamahagung.go.id/direktori/putusan/zaf17064bc0ee712b2d6313430383537.html
2026-06-25 14:13:57,065 [WARNING] Skip (label None): PA TAHUNA Nomor 47/Pdt.G/2026/PA.Thn
2026-06-25 14:13:59,350 [WARNING] Tidak mengandung pasal 263 / pemalsuan, skip: https://putusan3.mahkamahagung.go.id/direktori/putusan/zaf17064afc394daa7aa313430383337.html
2026-06-25 14:13:59,351 [WARNING] Skip (label None): PN PANGKALAN BUN Nomor 114/Pid.B/2026/PN Pbu
2026-06-25 14:14:01,500 [INFO] --- Halaman listing 9 ---
2026-06-25 14:14:03,011 [INFO] Ditemukan 3 link di halaman 9
2026-06-25 14:14:06,354 [WARNING] Tidak mengandung pasal 263 / pemalsuan, skip: https://putusan3.mahkamahagung.go.id/direktori/putusan/zaf17064d616fc808a63313430393431.html
2026-06-25 14:14:06,355 [WARNING] Skip (label None): PN BANJARBARU Nomor 61/Pdt.P/2026/PN Bjb
2026-06-25 14:14:09,694 [WARNING] Tidak mengandung pasal 263 / pemalsuan, skip: https://putusan3.mahkamahagung.go.id/direktori/putusan/zaf17064bc0ee712b2d6313430383537.html
2026-06-25 14:14:09,695 [WARNING] Skip (label None): PA TAHUNA Nomor 47/Pdt.G/2026/PA.Thn
2026-06-25 14:14:12,596 [WARNING] Tidak mengandung pasal 263 / pemalsuan, skip: https://putusan3.mahkamahagung.go.id/direktori/putusan/zaf17064afc394daa7aa313430383337.html
2026-06-25 14:14:12,598 [WARNING] Skip (label None): PN PANGKALAN BUN Nomor 114/Pid.B/2026/PN Pbu
2026-06-25 14:14:15,923 [INFO] --- Halaman listing 10 ---
2026-06-25 14:14:17,656 [INFO] Ditemukan 3 link di halaman 10
2026-06-25 14:14:20,485 [WARNING] Tidak mengandung pasal 263 / pemalsuan, skip: https://putusan3.mahkamahagung.go.id/direktori/putusan/zaf17064d616fc808a63313430393431.html
2026-06-25 14:14:20,486 [WARNING] Skip (label None): PN BANJARBARU Nomor 61/Pdt.P/2026/PN Bjb
2026-06-25 14:14:23,769 [WARNING] Tidak mengandung pasal 263 / pemalsuan, skip: https://putusan3.mahkamahagung.go.id/direktori/putusan/zaf17064bc0ee712b2d6313430383537.html
2026-06-25 14:14:23,771 [WARNING] Skip (label None): PA TAHUNA Nomor 47/Pdt.G/2026/PA.Thn
2026-06-25 14:14:27,058 [WARNING] Tidak mengandung pasal 263 / pemalsuan, skip: https://putusan3.mahkamahagung.go.id/direktori/putusan/zaf17064afc394daa7aa313430383337.html
2026-06-25 14:14:27,060 [WARNING] Skip (label None): PN PANGKALAN BUN Nomor 114/Pid.B/2026/PN Pbu
2026-06-25 14:14:30,359 [INFO] --- Halaman listing 11 ---
2026-06-25 14:14:31,850 [INFO] Ditemukan 3 link di halaman 11
2026-06-25 14:14:35,376 [WARNING] Tidak mengandung pasal 263 / pemalsuan, skip: https://putusan3.mahkamahagung.go.id/direktori/putusan/zaf17064d616fc808a63313430393431.html
2026-06-25 14:14:35,378 [WARNING] Skip (label None): PN BANJARBARU Nomor 61/Pdt.P/2026/PN Bjb
2026-06-25 14:14:39,222 [WARNING] Tidak mengandung pasal 263 / pemalsuan, skip: https://putusan3.mahkamahagung.go.id/direktori/putusan/zaf17064bc0ee712b2d6313430383537.html
2026-06-25 14:14:39,224 [WARNING] Skip (label None): PA TAHUNA Nomor 47/Pdt.G/2026/PA.Thn
2026-06-25 14:14:43,005 [WARNING] Tidak mengandung pasal 263 / pemalsuan, skip: https://putusan3.mahkamahagung.go.id/direktori/putusan/zaf17064afc394daa7aa313430383337.html
2026-06-25 14:14:43,006 [WARNING] Skip (label None): PN PANGKALAN BUN Nomor 114/Pid.B/2026/PN Pbu
2026-06-25 14:14:46,687 [INFO] --- Halaman listing 12 ---
2026-06-25 14:14:48,490 [INFO] Ditemukan 3 link di halaman 12
2026-06-25 14:14:53,488 [WARNING] Tidak mengandung pasal 263 / pemalsuan, skip: https://putusan3.mahkamahagung.go.id/direktori/putusan/zaf170652658eb729d40313431313536.html
2026-06-25 14:14:53,489 [WARNING] Skip (label None): PN PANGKALAN BUN Nomor 19/Pdt.G/2026/PN Pbu
2026-06-25 14:14:57,586 [WARNING] Tidak mengandung pasal 263 / pemalsuan, skip: https://putusan3.mahkamahagung.go.id/direktori/putusan/zaf17065238999468943313431313531.html
2026-06-25 14:14:57,587 [WARNING] Skip (label None): PN PANGKALAN BUN Nomor 81/Pid.Sus-LH/2026/PN Pbu
2026-06-25 14:15:01,430 [WARNING] Tidak mengandung pasal 263 / pemalsuan, skip: https://putusan3.mahkamahagung.go.id/direktori/putusan/zaf17065217c08a0b18a313431313438.html
2026-06-25 14:15:01,432 [WARNING] Skip (label None): PN PANGKALAN BUN Nomor 119/Pid.Sus/2026/PN Pbu
2026-06-25 14:15:03,617 [INFO] --- Halaman listing 13 ---
2026-06-25 14:15:06,919 [INFO] Ditemukan 3 link di halaman 13
2026-06-25 14:15:10,500 [WARNING] Tidak mengandung pasal 263 / pemalsuan, skip: https://putusan3.mahkamahagung.go.id/direktori/putusan/zaf170652658eb729d40313431313536.html
2026-06-25 14:15:10,501 [WARNING] Skip (label None): PN PANGKALAN BUN Nomor 19/Pdt.G/2026/PN Pbu
2026-06-25 14:15:14,343 [WARNING] Tidak mengandung pasal 263 / pemalsuan, skip: https://putusan3.mahkamahagung.go.id/direktori/putusan/zaf17065238999468943313431313531.html
2026-06-25 14:15:14,344 [WARNING] Skip (label None): PN PANGKALAN BUN Nomor 81/Pid.Sus-LH/2026/PN Pbu
2026-06-25 14:15:17,895 [WARNING] Tidak mengandung pasal 263 / pemalsuan, skip: https://putusan3.mahkamahagung.go.id/direktori/putusan/zaf17065217c08a0b18a313431313438.html
2026-06-25 14:15:17,896 [WARNING] Skip (label None): PN PANGKALAN BUN Nomor 119/Pid.Sus/2026/PN Pbu
2026-06-25 14:15:21,156 [INFO] --- Halaman listing 14 ---
2026-06-25 14:15:22,579 [INFO] Ditemukan 3 link di halaman 14
2026-06-25 14:15:28,834 [WARNING] Tidak mengandung pasal 263 / pemalsuan, skip: https://putusan3.mahkamahagung.go.id/direktori/putusan/11f170659f3548b0b5a8313431353139.html
2026-06-25 14:15:28,836 [WARNING] Skip (label None): MAHKAMAH AGUNG Nomor 8484 K/PID.SUS/2026
2026-06-25 14:15:36,001 [WARNING] Tidak mengandung pasal 263 / pemalsuan, skip: https://putusan3.mahkamahagung.go.id/direktori/putusan/11f170659cb3f532b516313431353134.html
2026-06-25 14:15:36,003 [WARNING] Skip (label None): MAHKAMAH AGUNG Nomor 624 K/PDT/2026
2026-06-25 14:15:39,341 [WARNING] Tidak mengandung pasal 263 / pemalsuan, skip: https://putusan3.mahkamahagung.go.id/direktori/putusan/zaf170652658eb729d40313431313536.html
2026-06-25 14:15:39,342 [WARNING] Skip (label None): PN PANGKALAN BUN Nomor 19/Pdt.G/2026/PN Pbu
2026-06-25 14:15:43,278 [INFO] --- Halaman listing 15 ---
2026-06-25 14:15:45,057 [INFO] Ditemukan 3 link di halaman 15
2026-06-25 14:15:51,577 [WARNING] Tidak mengandung pasal 263 / pemalsuan, skip: https://putusan3.mahkamahagung.go.id/direktori/putusan/11f17065a89ee6a4a6a2313431353334.html
2026-06-25 14:15:51,578 [WARNING] Skip (label None): MAHKAMAH AGUNG Nomor 1375 K/PDT/2026
2026-06-25 14:16:00,240 [WARNING] Tidak mengandung pasal 263 / pemalsuan, skip: https://putusan3.mahkamahagung.go.id/direktori/putusan/11f17065a7aa5b16b0a8313431353333.html
2026-06-25 14:16:00,241 [WARNING] Skip (label None): MAHKAMAH AGUNG Nomor 233 K/PDT.SUS-PHI/2026
2026-06-25 14:16:03,012 [WARNING] Tidak mengandung pasal 263 / pemalsuan, skip: https://putusan3.mahkamahagung.go.id/direktori/putusan/11f170659f3548b0b5a8313431353139.html
2026-06-25 14:16:03,013 [WARNING] Skip (label None): MAHKAMAH AGUNG Nomor 8484 K/PID.SUS/2026
2026-06-25 14:16:06,460 [INFO] --- Halaman listing 16 ---
2026-06-25 14:16:12,010 [INFO] Ditemukan 3 link di halaman 16
2026-06-25 14:16:23,718 [WARNING] Tidak mengandung pasal 263 / pemalsuan, skip: https://putusan3.mahkamahagung.go.id/direktori/putusan/11f17065af54fd7698f8313431353436.html
2026-06-25 14:16:23,720 [WARNING] Skip (label None): MAHKAMAH AGUNG Nomor 2414 K/PID.SUS/2026
2026-06-25 14:16:26,765 [WARNING] Tidak mengandung pasal 263 / pemalsuan, skip: https://putusan3.mahkamahagung.go.id/direktori/putusan/11f17065a89ee6a4a6a2313431353334.html
2026-06-25 14:16:26,766 [WARNING] Skip (label None): MAHKAMAH AGUNG Nomor 1375 K/PDT/2026
2026-06-25 14:16:29,184 [WARNING] Tidak mengandung pasal 263 / pemalsuan, skip: https://putusan3.mahkamahagung.go.id/direktori/putusan/11f17065a7aa5b16b0a8313431353333.html
2026-06-25 14:16:29,186 [WARNING] Skip (label None): MAHKAMAH AGUNG Nomor 233 K/PDT.SUS-PHI/2026
2026-06-25 14:16:32,385 [INFO] --- Halaman listing 17 ---
2026-06-25 14:16:36,158 [INFO] Ditemukan 3 link di halaman 17
2026-06-25 14:16:38,503 [WARNING] Tidak mengandung pasal 263 / pemalsuan, skip: https://putusan3.mahkamahagung.go.id/direktori/putusan/11f17065af54fd7698f8313431353436.html
2026-06-25 14:16:38,504 [WARNING] Skip (label None): MAHKAMAH AGUNG Nomor 2414 K/PID.SUS/2026
2026-06-25 14:16:42,384 [WARNING] Tidak mengandung pasal 263 / pemalsuan, skip: https://putusan3.mahkamahagung.go.id/direktori/putusan/11f17065a89ee6a4a6a2313431353334.html
2026-06-25 14:16:42,386 [WARNING] Skip (label None): MAHKAMAH AGUNG Nomor 1375 K/PDT/2026
2026-06-25 14:16:46,254 [WARNING] Tidak mengandung pasal 263 / pemalsuan, skip: https://putusan3.mahkamahagung.go.id/direktori/putusan/11f17065a7aa5b16b0a8313431353333.html
2026-06-25 14:16:46,255 [WARNING] Skip (label None): MAHKAMAH AGUNG Nomor 233 K/PDT.SUS-PHI/2026
2026-06-25 14:16:49,226 [INFO] --- Halaman listing 18 ---
2026-06-25 14:16:51,885 [INFO] Ditemukan 3 link di halaman 18
2026-06-25 14:16:55,358 [WARNING] Tidak mengandung pasal 263 / pemalsuan, skip: https://putusan3.mahkamahagung.go.id/direktori/putusan/11f17065af54fd7698f8313431353436.html
2026-06-25 14:16:55,360 [WARNING] Skip (label None): MAHKAMAH AGUNG Nomor 2414 K/PID.SUS/2026
2026-06-25 14:16:57,988 [WARNING] Tidak mengandung pasal 263 / pemalsuan, skip: https://putusan3.mahkamahagung.go.id/direktori/putusan/11f17065a89ee6a4a6a2313431353334.html
2026-06-25 14:16:57,990 [WARNING] Skip (label None): MAHKAMAH AGUNG Nomor 1375 K/PDT/2026
2026-06-25 14:17:01,977 [WARNING] Tidak mengandung pasal 263 / pemalsuan, skip: https://putusan3.mahkamahagung.go.id/direktori/putusan/11f17065a7aa5b16b0a8313431353333.html
2026-06-25 14:17:01,978 [WARNING] Skip (label None): MAHKAMAH AGUNG Nomor 233 K/PDT.SUS-PHI/2026
2026-06-25 14:17:04,200 [INFO] --- Halaman listing 19 ---
2026-06-25 14:17:07,257 [INFO] Ditemukan 3 link di halaman 19
2026-06-25 14:17:10,658 [WARNING] Tidak mengandung pasal 263 / pemalsuan, skip: https://putusan3.mahkamahagung.go.id/direktori/putusan/11f17065af54fd7698f8313431353436.html
2026-06-25 14:17:10,659 [WARNING] Skip (label None): MAHKAMAH AGUNG Nomor 2414 K/PID.SUS/2026
2026-06-25 14:17:14,438 [WARNING] Tidak mengandung pasal 263 / pemalsuan, skip: https://putusan3.mahkamahagung.go.id/direktori/putusan/11f17065a89ee6a4a6a2313431353334.html
2026-06-25 14:17:14,439 [WARNING] Skip (label None): MAHKAMAH AGUNG Nomor 1375 K/PDT/2026
2026-06-25 14:17:17,219 [WARNING] Tidak mengandung pasal 263 / pemalsuan, skip: https://putusan3.mahkamahagung.go.id/direktori/putusan/11f17065a7aa5b16b0a8313431353333.html
2026-06-25 14:17:17,221 [WARNING] Skip (label None): MAHKAMAH AGUNG Nomor 233 K/PDT.SUS-PHI/2026
2026-06-25 14:17:20,931 [INFO] --- Halaman listing 20 ---
2026-06-25 14:17:22,602 [INFO] Ditemukan 3 link di halaman 20
2026-06-25 14:17:25,047 [WARNING] Tidak mengandung pasal 263 / pemalsuan, skip: https://putusan3.mahkamahagung.go.id/direktori/putusan/11f17065af54fd7698f8313431353436.html
2026-06-25 14:17:25,048 [WARNING] Skip (label None): MAHKAMAH AGUNG Nomor 2414 K/PID.SUS/2026
2026-06-25 14:17:28,200 [WARNING] Tidak mengandung pasal 263 / pemalsuan, skip: https://putusan3.mahkamahagung.go.id/direktori/putusan/11f17065a89ee6a4a6a2313431353334.html
2026-06-25 14:17:28,202 [WARNING] Skip (label None): MAHKAMAH AGUNG Nomor 1375 K/PDT/2026
2026-06-25 14:17:31,410 [WARNING] Tidak mengandung pasal 263 / pemalsuan, skip: https://putusan3.mahkamahagung.go.id/direktori/putusan/11f17065a7aa5b16b0a8313431353333.html
2026-06-25 14:17:31,411 [WARNING] Skip (label None): MAHKAMAH AGUNG Nomor 233 K/PDT.SUS-PHI/2026
2026-06-25 14:17:34,843 [INFO] --- Halaman listing 21 ---
2026-06-25 14:17:36,424 [INFO] Ditemukan 3 link di halaman 21
2026-06-25 14:17:39,436 [WARNING] Tidak mengandung pasal 263 / pemalsuan, skip: https://putusan3.mahkamahagung.go.id/direktori/putusan/11f17065af54fd7698f8313431353436.html
2026-06-25 14:17:39,437 [WARNING] Skip (label None): MAHKAMAH AGUNG Nomor 2414 K/PID.SUS/2026
2026-06-25 14:17:41,786 [WARNING] Tidak mengandung pasal 263 / pemalsuan, skip: https://putusan3.mahkamahagung.go.id/direktori/putusan/11f17065a89ee6a4a6a2313431353334.html
2026-06-25 14:17:41,788 [WARNING] Skip (label None): MAHKAMAH AGUNG Nomor 1375 K/PDT/2026
2026-06-25 14:17:45,767 [WARNING] Tidak mengandung pasal 263 / pemalsuan, skip: https://putusan3.mahkamahagung.go.id/direktori/putusan/11f17065a7aa5b16b0a8313431353333.html
2026-06-25 14:17:45,769 [WARNING] Skip (label None): MAHKAMAH AGUNG Nomor 233 K/PDT.SUS-PHI/2026
2026-06-25 14:17:49,151 [INFO] --- Halaman listing 22 ---
2026-06-25 14:17:50,926 [INFO] Ditemukan 3 link di halaman 22
2026-06-25 14:17:54,404 [WARNING] Tidak mengandung pasal 263 / pemalsuan, skip: https://putusan3.mahkamahagung.go.id/direktori/putusan/11f17065af54fd7698f8313431353436.html
2026-06-25 14:17:54,405 [WARNING] Skip (label None): MAHKAMAH AGUNG Nomor 2414 K/PID.SUS/2026
2026-06-25 14:17:58,193 [WARNING] Tidak mengandung pasal 263 / pemalsuan, skip: https://putusan3.mahkamahagung.go.id/direktori/putusan/11f17065a89ee6a4a6a2313431353334.html
2026-06-25 14:17:58,194 [WARNING] Skip (label None): MAHKAMAH AGUNG Nomor 1375 K/PDT/2026
2026-06-25 14:18:01,753 [WARNING] Tidak mengandung pasal 263 / pemalsuan, skip: https://putusan3.mahkamahagung.go.id/direktori/putusan/11f17065a7aa5b16b0a8313431353333.html
2026-06-25 14:18:01,755 [WARNING] Skip (label None): MAHKAMAH AGUNG Nomor 233 K/PDT.SUS-PHI/2026
2026-06-25 14:18:05,524 [INFO] --- Halaman listing 23 ---
2026-06-25 14:18:09,399 [INFO] Ditemukan 3 link di halaman 23
2026-06-25 14:18:12,701 [WARNING] Tidak mengandung pasal 263 / pemalsuan, skip: https://putusan3.mahkamahagung.go.id/direktori/putusan/11f17065af54fd7698f8313431353436.html
2026-06-25 14:18:12,703 [WARNING] Skip (label None): MAHKAMAH AGUNG Nomor 2414 K/PID.SUS/2026
2026-06-25 14:18:15,140 [WARNING] Tidak mengandung pasal 263 / pemalsuan, skip: https://putusan3.mahkamahagung.go.id/direktori/putusan/11f17065a89ee6a4a6a2313431353334.html
2026-06-25 14:18:15,141 [WARNING] Skip (label None): MAHKAMAH AGUNG Nomor 1375 K/PDT/2026
2026-06-25 14:18:18,945 [WARNING] Tidak mengandung pasal 263 / pemalsuan, skip: https://putusan3.mahkamahagung.go.id/direktori/putusan/11f17065a7aa5b16b0a8313431353333.html
2026-06-25 14:18:18,946 [WARNING] Skip (label None): MAHKAMAH AGUNG Nomor 233 K/PDT.SUS-PHI/2026
2026-06-25 14:18:22,758 [INFO] --- Halaman listing 24 ---
2026-06-25 14:18:26,565 [INFO] Ditemukan 3 link di halaman 24
2026-06-25 14:18:29,610 [WARNING] Tidak mengandung pasal 263 / pemalsuan, skip: https://putusan3.mahkamahagung.go.id/direktori/putusan/11f17065af54fd7698f8313431353436.html
2026-06-25 14:18:29,612 [WARNING] Skip (label None): MAHKAMAH AGUNG Nomor 2414 K/PID.SUS/2026
2026-06-25 14:18:32,269 [WARNING] Tidak mengandung pasal 263 / pemalsuan, skip: https://putusan3.mahkamahagung.go.id/direktori/putusan/11f17065a89ee6a4a6a2313431353334.html
2026-06-25 14:18:32,271 [WARNING] Skip (label None): MAHKAMAH AGUNG Nomor 1375 K/PDT/2026
2026-06-25 14:18:34,727 [WARNING] Tidak mengandung pasal 263 / pemalsuan, skip: https://putusan3.mahkamahagung.go.id/direktori/putusan/11f17065a7aa5b16b0a8313431353333.html
2026-06-25 14:18:34,729 [WARNING] Skip (label None): MAHKAMAH AGUNG Nomor 233 K/PDT.SUS-PHI/2026
2026-06-25 14:18:36,804 [INFO] --- Halaman listing 25 ---
2026-06-25 14:18:39,745 [INFO] Ditemukan 3 link di halaman 25
2026-06-25 14:18:43,149 [WARNING] Tidak mengandung pasal 263 / pemalsuan, skip: https://putusan3.mahkamahagung.go.id/direktori/putusan/11f17065af54fd7698f8313431353436.html
2026-06-25 14:18:43,151 [WARNING] Skip (label None): MAHKAMAH AGUNG Nomor 2414 K/PID.SUS/2026
2026-06-25 14:18:45,956 [WARNING] Tidak mengandung pasal 263 / pemalsuan, skip: https://putusan3.mahkamahagung.go.id/direktori/putusan/11f17065a89ee6a4a6a2313431353334.html
2026-06-25 14:18:45,957 [WARNING] Skip (label None): MAHKAMAH AGUNG Nomor 1375 K/PDT/2026
2026-06-25 14:18:49,501 [WARNING] Tidak mengandung pasal 263 / pemalsuan, skip: https://putusan3.mahkamahagung.go.id/direktori/putusan/11f17065a7aa5b16b0a8313431353333.html
2026-06-25 14:18:49,502 [WARNING] Skip (label None): MAHKAMAH AGUNG Nomor 233 K/PDT.SUS-PHI/2026
2026-06-25 14:18:52,727 [INFO] --- Halaman listing 26 ---
2026-06-25 14:18:55,397 [INFO] Ditemukan 3 link di halaman 26
2026-06-25 14:18:59,878 [WARNING] Tidak mengandung pasal 263 / pemalsuan, skip: https://putusan3.mahkamahagung.go.id/direktori/putusan/zaf17065b7c4e6ba80ac313431363030.html
2026-06-25 14:18:59,880 [WARNING] Skip (label None): PN BENGKULU Nomor 52/Pdt.P/2026/PN Bgl
2026-06-25 14:19:04,975 [WARNING] Tidak mengandung pasal 263 / pemalsuan, skip: https://putusan3.mahkamahagung.go.id/direktori/putusan/zaf17065b2f025a0a592313431353532.html
2026-06-25 14:19:04,976 [WARNING] Skip (label None): PA TASIKMALAYA Nomor 2266/Pdt.G/2026/PA.Tsm
2026-06-25 14:19:08,759 [WARNING] Tidak mengandung pasal 263 / pemalsuan, skip: https://putusan3.mahkamahagung.go.id/direktori/putusan/zaf17065b20fb498b250313431353530.html
2026-06-25 14:19:08,761 [WARNING] Skip (label None): PN MEDAN Nomor 985/Pdt.P/2026/PN Mdn
2026-06-25 14:19:12,390 [INFO] --- Halaman listing 27 ---
2026-06-25 14:19:13,980 [INFO] Ditemukan 3 link di halaman 27
2026-06-25 14:19:17,589 [WARNING] Tidak mengandung pasal 263 / pemalsuan, skip: https://putusan3.mahkamahagung.go.id/direktori/putusan/zaf17065b7c4e6ba80ac313431363030.html
2026-06-25 14:19:17,591 [WARNING] Skip (label None): PN BENGKULU Nomor 52/Pdt.P/2026/PN Bgl
2026-06-25 14:19:20,507 [WARNING] Tidak mengandung pasal 263 / pemalsuan, skip: https://putusan3.mahkamahagung.go.id/direktori/putusan/zaf17065b2f025a0a592313431353532.html
2026-06-25 14:19:20,509 [WARNING] Skip (label None): PA TASIKMALAYA Nomor 2266/Pdt.G/2026/PA.Tsm
2026-06-25 14:19:22,942 [WARNING] Tidak mengandung pasal 263 / pemalsuan, skip: https://putusan3.mahkamahagung.go.id/direktori/putusan/zaf17065b20fb498b250313431353530.html
2026-06-25 14:19:22,943 [WARNING] Skip (label None): PN MEDAN Nomor 985/Pdt.P/2026/PN Mdn
2026-06-25 14:19:26,360 [INFO] --- Halaman listing 28 ---
2026-06-25 14:19:31,037 [INFO] Ditemukan 3 link di halaman 28
2026-06-25 14:19:34,424 [WARNING] Tidak mengandung pasal 263 / pemalsuan, skip: https://putusan3.mahkamahagung.go.id/direktori/putusan/zaf17065b7c4e6ba80ac313431363030.html
2026-06-25 14:19:34,425 [WARNING] Skip (label None): PN BENGKULU Nomor 52/Pdt.P/2026/PN Bgl
2026-06-25 14:19:37,740 [WARNING] Tidak mengandung pasal 263 / pemalsuan, skip: https://putusan3.mahkamahagung.go.id/direktori/putusan/zaf17065b2f025a0a592313431353532.html
2026-06-25 14:19:37,741 [WARNING] Skip (label None): PA TASIKMALAYA Nomor 2266/Pdt.G/2026/PA.Tsm
2026-06-25 14:19:40,988 [WARNING] Tidak mengandung pasal 263 / pemalsuan, skip: https://putusan3.mahkamahagung.go.id/direktori/putusan/zaf17065b20fb498b250313431353530.html
2026-06-25 14:19:40,989 [WARNING] Skip (label None): PN MEDAN Nomor 985/Pdt.P/2026/PN Mdn
2026-06-25 14:19:44,698 [INFO] --- Halaman listing 29 ---
2026-06-25 14:19:47,158 [INFO] Ditemukan 3 link di halaman 29
2026-06-25 14:19:49,868 [WARNING] Tidak mengandung pasal 263 / pemalsuan, skip: https://putusan3.mahkamahagung.go.id/direktori/putusan/zaf17065b7c4e6ba80ac313431363030.html
2026-06-25 14:19:49,869 [WARNING] Skip (label None): PN BENGKULU Nomor 52/Pdt.P/2026/PN Bgl
2026-06-25 14:19:53,857 [WARNING] Tidak mengandung pasal 263 / pemalsuan, skip: https://putusan3.mahkamahagung.go.id/direktori/putusan/zaf17065b2f025a0a592313431353532.html
2026-06-25 14:19:53,858 [WARNING] Skip (label None): PA TASIKMALAYA Nomor 2266/Pdt.G/2026/PA.Tsm
2026-06-25 14:19:56,267 [WARNING] Tidak mengandung pasal 263 / pemalsuan, skip: https://putusan3.mahkamahagung.go.id/direktori/putusan/zaf17065b20fb498b250313431353530.html
2026-06-25 14:19:56,268 [WARNING] Skip (label None): PN MEDAN Nomor 985/Pdt.P/2026/PN Mdn
2026-06-25 14:19:59,061 [INFO] --- Halaman listing 30 ---
2026-06-25 14:20:00,748 [INFO] Ditemukan 3 link di halaman 30
2026-06-25 14:20:04,872 [WARNING] Tidak mengandung pasal 263 / pemalsuan, skip: https://putusan3.mahkamahagung.go.id/direktori/putusan/zaf17065b7c4e6ba80ac313431363030.html
2026-06-25 14:20:04,873 [WARNING] Skip (label None): PN BENGKULU Nomor 52/Pdt.P/2026/PN Bgl
2026-06-25 14:20:07,775 [WARNING] Tidak mengandung pasal 263 / pemalsuan, skip: https://putusan3.mahkamahagung.go.id/direktori/putusan/zaf17065b2f025a0a592313431353532.html
2026-06-25 14:20:07,777 [WARNING] Skip (label None): PA TASIKMALAYA Nomor 2266/Pdt.G/2026/PA.Tsm
2026-06-25 14:20:11,006 [WARNING] Tidak mengandung pasal 263 / pemalsuan, skip: https://putusan3.mahkamahagung.go.id/direktori/putusan/zaf17065b20fb498b250313431353530.html
2026-06-25 14:20:11,008 [WARNING] Skip (label None): PN MEDAN Nomor 985/Pdt.P/2026/PN Mdn
2026-06-25 14:20:14,300 [INFO] --- Halaman listing 31 ---
2026-06-25 14:20:15,722 [INFO] Ditemukan 3 link di halaman 31
2026-06-25 14:20:18,187 [WARNING] Tidak mengandung pasal 263 / pemalsuan, skip: https://putusan3.mahkamahagung.go.id/direktori/putusan/zaf17065b7c4e6ba80ac313431363030.html
2026-06-25 14:20:18,189 [WARNING] Skip (label None): PN BENGKULU Nomor 52/Pdt.P/2026/PN Bgl
2026-06-25 14:20:21,829 [WARNING] Tidak mengandung pasal 263 / pemalsuan, skip: https://putusan3.mahkamahagung.go.id/direktori/putusan/zaf17065b2f025a0a592313431353532.html
2026-06-25 14:20:21,831 [WARNING] Skip (label None): PA TASIKMALAYA Nomor 2266/Pdt.G/2026/PA.Tsm
2026-06-25 14:20:25,686 [WARNING] Tidak mengandung pasal 263 / pemalsuan, skip: https://putusan3.mahkamahagung.go.id/direktori/putusan/zaf17065b20fb498b250313431353530.html
2026-06-25 14:20:25,688 [WARNING] Skip (label None): PN MEDAN Nomor 985/Pdt.P/2026/PN Mdn
2026-06-25 14:20:29,024 [INFO] --- Halaman listing 32 ---
2026-06-25 14:20:30,772 [INFO] Ditemukan 3 link di halaman 32
2026-06-25 14:20:33,626 [WARNING] Tidak mengandung pasal 263 / pemalsuan, skip: https://putusan3.mahkamahagung.go.id/direktori/putusan/zaf17065b7c4e6ba80ac313431363030.html
2026-06-25 14:20:33,628 [WARNING] Skip (label None): PN BENGKULU Nomor 52/Pdt.P/2026/PN Bgl
2026-06-25 14:20:36,135 [WARNING] Tidak mengandung pasal 263 / pemalsuan, skip: https://putusan3.mahkamahagung.go.id/direktori/putusan/zaf17065b2f025a0a592313431353532.html
2026-06-25 14:20:36,137 [WARNING] Skip (label None): PA TASIKMALAYA Nomor 2266/Pdt.G/2026/PA.Tsm
2026-06-25 14:20:39,001 [WARNING] Tidak mengandung pasal 263 / pemalsuan, skip: https://putusan3.mahkamahagung.go.id/direktori/putusan/zaf17065b20fb498b250313431353530.html
2026-06-25 14:20:39,002 [WARNING] Skip (label None): PN MEDAN Nomor 985/Pdt.P/2026/PN Mdn
2026-06-25 14:20:42,310 [INFO] --- Halaman listing 33 ---
2026-06-25 14:20:43,897 [INFO] Ditemukan 3 link di halaman 33
2026-06-25 14:20:48,044 [WARNING] Tidak mengandung pasal 263 / pemalsuan, skip: https://putusan3.mahkamahagung.go.id/direktori/putusan/zaf17065c6933d2295a2313431363235.html
2026-06-25 14:20:48,045 [WARNING] Skip (label None): PN MEDAN Nomor 13/Pid.Sus-TPK/2026/PN Mdn
2026-06-25 14:20:53,216 [WARNING] Tidak mengandung pasal 263 / pemalsuan, skip: https://putusan3.mahkamahagung.go.id/direktori/putusan/zaf17065be379524ad8a313431363131.html
2026-06-25 14:20:53,217 [WARNING] Skip (label None): PN MEDAN Nomor 1001/Pdt.P/2026/PN Mdn
2026-06-25 14:21:02,279 [WARNING] Tidak mengandung pasal 263 / pemalsuan, skip: https://putusan3.mahkamahagung.go.id/direktori/putusan/zaf17065bc44c2b4a913313431363037.html
2026-06-25 14:21:02,280 [WARNING] Skip (label None): PN MEDAN Nomor 13/Pdt.G/2026/PN Mdn
2026-06-25 14:21:04,969 [INFO] --- Halaman listing 34 ---
2026-06-25 14:21:13,373 [INFO] Ditemukan 3 link di halaman 34
2026-06-25 14:21:25,122 [WARNING] Tidak mengandung pasal 263 / pemalsuan, skip: https://putusan3.mahkamahagung.go.id/direktori/putusan/zaf17065fb0c4364a2a4313431373533.html
2026-06-25 14:21:25,123 [WARNING] Skip (label None): PA Ampana Nomor 93/Pdt.P/2026/PA.Apn
2026-06-25 14:21:37,147 [WARNING] Tidak mengandung pasal 263 / pemalsuan, skip: https://putusan3.mahkamahagung.go.id/direktori/putusan/zaf17065fa2869c8b477313431373531.html
2026-06-25 14:21:37,149 [WARNING] Skip (label None): PA Ampana Nomor 94/Pdt.P/2026/PA.Apn
2026-06-25 14:21:49,227 [WARNING] Tidak mengandung pasal 263 / pemalsuan, skip: https://putusan3.mahkamahagung.go.id/direktori/putusan/zaf17065f92ee948c0ef313431373439.html
2026-06-25 14:21:49,228 [WARNING] Skip (label None): PA Ampana Nomor 95/Pdt.P/2026/PA.Apn
2026-06-25 14:21:52,158 [INFO] --- Halaman listing 35 ---
2026-06-25 14:22:02,121 [INFO] Ditemukan 3 link di halaman 35
2026-06-25 14:22:12,956 [WARNING] Tidak mengandung pasal 263 / pemalsuan, skip: https://putusan3.mahkamahagung.go.id/direktori/putusan/zaf17065fd44a6f8a0c2313431373536.html
2026-06-25 14:22:12,958 [WARNING] Skip (label None): PTA SEMARANG Nomor 221/Pdt.G/2026/PTA.Smg
2026-06-25 14:22:36,619 [ERROR] Gagal ambil detail https://putusan3.mahkamahagung.go.id/direktori/putusan/zaf17065fbf5c43a8fb3313431373534.html: HTTPSConnectionPool(host='putusan3.mahkamahagung.go.id', port=443): Read timed out. (read timeout=20)
2026-06-25 14:22:36,621 [WARNING] Skip (label None): PA Ampana Nomor 92/Pdt.P/2026/PA.Apn
2026-06-25 14:22:40,554 [WARNING] Tidak mengandung pasal 263 / pemalsuan, skip: https://putusan3.mahkamahagung.go.id/direktori/putusan/zaf17065fb0c4364a2a4313431373533.html
2026-06-25 14:22:40,556 [WARNING] Skip (label None): PA Ampana Nomor 93/Pdt.P/2026/PA.Apn
2026-06-25 14:22:43,822 [INFO] --- Halaman listing 36 ---
2026-06-25 14:22:45,397 [INFO] Ditemukan 3 link di halaman 36
2026-06-25 14:22:49,307 [WARNING] Tidak mengandung pasal 263 / pemalsuan, skip: https://putusan3.mahkamahagung.go.id/direktori/putusan/zaf17065fd44a6f8a0c2313431373536.html
2026-06-25 14:22:49,309 [WARNING] Skip (label None): PTA SEMARANG Nomor 221/Pdt.G/2026/PTA.Smg
2026-06-25 14:23:08,598 [WARNING] Tidak mengandung pasal 263 / pemalsuan, skip: https://putusan3.mahkamahagung.go.id/direktori/putusan/zaf17065fbf5c43a8fb3313431373534.html
2026-06-25 14:23:08,599 [WARNING] Skip (label None): PA Ampana Nomor 92/Pdt.P/2026/PA.Apn
2026-06-25 14:23:10,752 [WARNING] Tidak mengandung pasal 263 / pemalsuan, skip: https://putusan3.mahkamahagung.go.id/direktori/putusan/zaf17065fb0c4364a2a4313431373533.html
2026-06-25 14:23:10,753 [WARNING] Skip (label None): PA Ampana Nomor 93/Pdt.P/2026/PA.Apn
2026-06-25 14:23:14,570 [INFO] --- Halaman listing 37 ---
2026-06-25 14:23:16,325 [INFO] Ditemukan 3 link di halaman 37
2026-06-25 14:23:20,268 [WARNING] Tidak mengandung pasal 263 / pemalsuan, skip: https://putusan3.mahkamahagung.go.id/direktori/putusan/zaf17065fd44a6f8a0c2313431373536.html
2026-06-25 14:23:20,269 [WARNING] Skip (label None): PTA SEMARANG Nomor 221/Pdt.G/2026/PTA.Smg
2026-06-25 14:23:23,048 [WARNING] Tidak mengandung pasal 263 / pemalsuan, skip: https://putusan3.mahkamahagung.go.id/direktori/putusan/zaf17065fbf5c43a8fb3313431373534.html
2026-06-25 14:23:23,050 [WARNING] Skip (label None): PA Ampana Nomor 92/Pdt.P/2026/PA.Apn
2026-06-25 14:23:25,513 [WARNING] Tidak mengandung pasal 263 / pemalsuan, skip: https://putusan3.mahkamahagung.go.id/direktori/putusan/zaf17065fb0c4364a2a4313431373533.html
2026-06-25 14:23:25,515 [WARNING] Skip (label None): PA Ampana Nomor 93/Pdt.P/2026/PA.Apn
2026-06-25 14:23:28,817 [INFO] --- Halaman listing 38 ---
2026-06-25 14:23:31,846 [INFO] Ditemukan 3 link di halaman 38
2026-06-25 14:23:34,011 [WARNING] Tidak mengandung pasal 263 / pemalsuan, skip: https://putusan3.mahkamahagung.go.id/direktori/putusan/zaf17065fd44a6f8a0c2313431373536.html
2026-06-25 14:23:34,011 [WARNING] Skip (label None): PTA SEMARANG Nomor 221/Pdt.G/2026/PTA.Smg
2026-06-25 14:23:37,607 [WARNING] Tidak mengandung pasal 263 / pemalsuan, skip: https://putusan3.mahkamahagung.go.id/direktori/putusan/zaf17065fbf5c43a8fb3313431373534.html
2026-06-25 14:23:37,608 [WARNING] Skip (label None): PA Ampana Nomor 92/Pdt.P/2026/PA.Apn
2026-06-25 14:23:40,230 [WARNING] Tidak mengandung pasal 263 / pemalsuan, skip: https://putusan3.mahkamahagung.go.id/direktori/putusan/zaf17065fb0c4364a2a4313431373533.html
2026-06-25 14:23:40,231 [WARNING] Skip (label None): PA Ampana Nomor 93/Pdt.P/2026/PA.Apn
2026-06-25 14:23:43,040 [INFO] --- Halaman listing 39 ---
2026-06-25 14:23:46,246 [INFO] Ditemukan 3 link di halaman 39
2026-06-25 14:23:49,447 [WARNING] Tidak mengandung pasal 263 / pemalsuan, skip: https://putusan3.mahkamahagung.go.id/direktori/putusan/zaf1706641da0448af24313431393531.html
2026-06-25 14:23:49,448 [WARNING] Skip (label None): PN MEDAN Nomor 984/Pdt.P/2026/PN Mdn
2026-06-25 14:23:52,789 [WARNING] Tidak mengandung pasal 263 / pemalsuan, skip: https://putusan3.mahkamahagung.go.id/direktori/putusan/zaf17066406c995ebc08313431393439.html
2026-06-25 14:23:52,790 [WARNING] Skip (label None): PT MAKASSAR Nomor 881/PID/2026/PT MKS
2026-06-25 14:24:01,346 [WARNING] Tidak mengandung pasal 263 / pemalsuan, skip: https://putusan3.mahkamahagung.go.id/direktori/putusan/zaf170663db93096961c313431393434.html
2026-06-25 14:24:01,347 [WARNING] Skip (label None): PN MEDAN Nomor 987/Pdt.P/2026/PN Mdn
2026-06-25 14:24:03,998 [INFO] --- Halaman listing 40 ---
2026-06-25 14:24:13,588 [INFO] Ditemukan 3 link di halaman 40
2026-06-25 14:24:25,534 [WARNING] Tidak mengandung pasal 263 / pemalsuan, skip: https://putusan3.mahkamahagung.go.id/direktori/putusan/zaf1706645b8c3889847313431393538.html
2026-06-25 14:24:25,535 [WARNING] Skip (label None): PN MEDAN Nomor 875/Pdt.P/2026/PN Mdn
2026-06-25 14:24:27,780 [ERROR] Gagal ambil detail https://putusan3.mahkamahagung.go.id/direktori/putusan/zaf1706643b48accaa59313431393535.html: 403 Client Error: Forbidden for url: https://putusan3.mahkamahagung.go.id/direktori/putusan/zaf1706643b48accaa59313431393535.html
2026-06-25 14:24:27,782 [WARNING] Skip (label None): PN MEDAN Nomor 1292/Pdt.G/2025/PN Mdn
2026-06-25 14:24:31,294 [ERROR] Gagal ambil detail https://putusan3.mahkamahagung.go.id/direktori/putusan/zaf1706641da0448af24313431393531.html: 403 Client Error: Forbidden for url: https://putusan3.mahkamahagung.go.id/direktori/putusan/zaf1706641da0448af24313431393531.html
2026-06-25 14:24:31,296 [WARNING] Skip (label None): PN MEDAN Nomor 984/Pdt.P/2026/PN Mdn
2026-06-25 14:24:34,467 [INFO] --- Halaman listing 41 ---
2026-06-25 14:24:35,320 [ERROR] Gagal ambil halaman listing 41: 403 Client Error: Forbidden for url: https://putusan3.mahkamahagung.go.id/direktori/index/pengadilan/pn-jakarta-utara/kategori/pemalsuan/page/41.html
2026-06-25 14:24:35,322 [WARNING] Halaman 41 gagal, lewati.
2026-06-25 14:24:37,969 [INFO] --- Halaman listing 42 ---
2026-06-25 14:24:38,875 [ERROR] Gagal ambil halaman listing 42: 403 Client Error: Forbidden for url: https://putusan3.mahkamahagung.go.id/direktori/index/pengadilan/pn-jakarta-utara/kategori/pemalsuan/page/42.html
2026-06-25 14:24:38,877 [WARNING] Halaman 42 gagal, lewati.
2026-06-25 14:24:41,509 [INFO] --- Halaman listing 43 ---
2026-06-25 14:24:42,273 [ERROR] Gagal ambil halaman listing 43: 403 Client Error: Forbidden for url: https://putusan3.mahkamahagung.go.id/direktori/index/pengadilan/pn-jakarta-utara/kategori/pemalsuan/page/43.html
2026-06-25 14:24:42,275 [WARNING] Halaman 43 gagal, lewati.
2026-06-25 14:24:45,776 [INFO] --- Halaman listing 44 ---
2026-06-25 14:24:46,291 [ERROR] Gagal ambil halaman listing 44: 403 Client Error: Forbidden for url: https://putusan3.mahkamahagung.go.id/direktori/index/pengadilan/pn-jakarta-utara/kategori/pemalsuan/page/44.html
2026-06-25 14:24:46,293 [WARNING] Halaman 44 gagal, lewati.
2026-06-25 14:24:48,878 [INFO] --- Halaman listing 45 ---
2026-06-25 14:24:49,619 [ERROR] Gagal ambil halaman listing 45: 403 Client Error: Forbidden for url: https://putusan3.mahkamahagung.go.id/direktori/index/pengadilan/pn-jakarta-utara/kategori/pemalsuan/page/45.html
2026-06-25 14:24:49,621 [WARNING] Halaman 45 gagal, lewati.
2026-06-25 14:24:53,528 [INFO] --- Halaman listing 46 ---
2026-06-25 14:24:54,124 [ERROR] Gagal ambil halaman listing 46: 403 Client Error: Forbidden for url: https://putusan3.mahkamahagung.go.id/direktori/index/pengadilan/pn-jakarta-utara/kategori/pemalsuan/page/46.html
2026-06-25 14:24:54,126 [WARNING] Halaman 46 gagal, lewati.
2026-06-25 14:24:57,946 [INFO] --- Halaman listing 47 ---
2026-06-25 14:24:58,938 [ERROR] Gagal ambil halaman listing 47: 403 Client Error: Forbidden for url: https://putusan3.mahkamahagung.go.id/direktori/index/pengadilan/pn-jakarta-utara/kategori/pemalsuan/page/47.html
2026-06-25 14:24:58,942 [WARNING] Halaman 47 gagal, lewati.
2026-06-25 14:25:01,352 [INFO] --- Halaman listing 48 ---
2026-06-25 14:25:01,844 [ERROR] Gagal ambil halaman listing 48: 403 Client Error: Forbidden for url: https://putusan3.mahkamahagung.go.id/direktori/index/pengadilan/pn-jakarta-utara/kategori/pemalsuan/page/48.html
2026-06-25 14:25:01,846 [WARNING] Halaman 48 gagal, lewati.
2026-06-25 14:25:04,279 [INFO] --- Halaman listing 49 ---
2026-06-25 14:25:05,059 [ERROR] Gagal ambil halaman listing 49: 403 Client Error: Forbidden for url: https://putusan3.mahkamahagung.go.id/direktori/index/pengadilan/pn-jakarta-utara/kategori/pemalsuan/page/49.html
2026-06-25 14:25:05,071 [WARNING] Halaman 49 gagal, lewati.
2026-06-25 14:25:08,785 [INFO] --- Halaman listing 50 ---
2026-06-25 14:25:09,375 [ERROR] Gagal ambil halaman listing 50: 403 Client Error: Forbidden for url: https://putusan3.mahkamahagung.go.id/direktori/index/pengadilan/pn-jakarta-utara/kategori/pemalsuan/page/50.html
2026-06-25 14:25:09,378 [WARNING] Halaman 50 gagal, lewati.
2026-06-25 14:25:12,819 [INFO] --- Halaman listing 51 ---
2026-06-25 14:25:13,639 [ERROR] Gagal ambil halaman listing 51: 403 Client Error: Forbidden for url: https://putusan3.mahkamahagung.go.id/direktori/index/pengadilan/pn-jakarta-utara/kategori/pemalsuan/page/51.html
2026-06-25 14:25:13,661 [WARNING] Halaman 51 gagal, lewati.
2026-06-25 14:25:15,798 [INFO] --- Halaman listing 52 ---
2026-06-25 14:25:16,605 [ERROR] Gagal ambil halaman listing 52: 403 Client Error: Forbidden for url: https://putusan3.mahkamahagung.go.id/direktori/index/pengadilan/pn-jakarta-utara/kategori/pemalsuan/page/52.html
2026-06-25 14:25:16,608 [WARNING] Halaman 52 gagal, lewati.
2026-06-25 14:25:20,601 [INFO] --- Halaman listing 53 ---
2026-06-25 14:25:21,347 [ERROR] Gagal ambil halaman listing 53: 403 Client Error: Forbidden for url: https://putusan3.mahkamahagung.go.id/direktori/index/pengadilan/pn-jakarta-utara/kategori/pemalsuan/page/53.html
2026-06-25 14:25:21,349 [WARNING] Halaman 53 gagal, lewati.
2026-06-25 14:25:24,636 [INFO] --- Halaman listing 54 ---
2026-06-25 14:25:25,254 [ERROR] Gagal ambil halaman listing 54: 403 Client Error: Forbidden for url: https://putusan3.mahkamahagung.go.id/direktori/index/pengadilan/pn-jakarta-utara/kategori/pemalsuan/page/54.html
2026-06-25 14:25:25,256 [WARNING] Halaman 54 gagal, lewati.
2026-06-25 14:25:29,256 [INFO] --- Halaman listing 55 ---
2026-06-25 14:25:29,793 [ERROR] Gagal ambil halaman listing 55: 403 Client Error: Forbidden for url: https://putusan3.mahkamahagung.go.id/direktori/index/pengadilan/pn-jakarta-utara/kategori/pemalsuan/page/55.html
2026-06-25 14:25:29,796 [WARNING] Halaman 55 gagal, lewati.
2026-06-25 14:25:32,798 [INFO] --- Halaman listing 56 ---
2026-06-25 14:25:33,510 [ERROR] Gagal ambil halaman listing 56: 403 Client Error: Forbidden for url: https://putusan3.mahkamahagung.go.id/direktori/index/pengadilan/pn-jakarta-utara/kategori/pemalsuan/page/56.html
2026-06-25 14:25:33,512 [WARNING] Halaman 56 gagal, lewati.
2026-06-25 14:25:37,364 [INFO] --- Halaman listing 57 ---
2026-06-25 14:25:37,987 [ERROR] Gagal ambil halaman listing 57: 403 Client Error: Forbidden for url: https://putusan3.mahkamahagung.go.id/direktori/index/pengadilan/pn-jakarta-utara/kategori/pemalsuan/page/57.html
2026-06-25 14:25:38,009 [WARNING] Halaman 57 gagal, lewati.
2026-06-25 14:25:40,542 [INFO] --- Halaman listing 58 ---
2026-06-25 14:25:41,335 [ERROR] Gagal ambil halaman listing 58: 403 Client Error: Forbidden for url: https://putusan3.mahkamahagung.go.id/direktori/index/pengadilan/pn-jakarta-utara/kategori/pemalsuan/page/58.html
2026-06-25 14:25:41,352 [WARNING] Halaman 58 gagal, lewati.
2026-06-25 14:25:43,618 [INFO] --- Halaman listing 59 ---
2026-06-25 14:25:44,428 [ERROR] Gagal ambil halaman listing 59: 403 Client Error: Forbidden for url: https://putusan3.mahkamahagung.go.id/direktori/index/pengadilan/pn-jakarta-utara/kategori/pemalsuan/page/59.html
2026-06-25 14:25:44,430 [WARNING] Halaman 59 gagal, lewati.
2026-06-25 14:25:47,161 [INFO] --- Halaman listing 60 ---
2026-06-25 14:25:48,017 [ERROR] Gagal ambil halaman listing 60: 403 Client Error: Forbidden for url: https://putusan3.mahkamahagung.go.id/direktori/index/pengadilan/pn-jakarta-utara/kategori/pemalsuan/page/60.html
2026-06-25 14:25:48,044 [WARNING] Halaman 60 gagal, lewati.
2026-06-25 14:25:50,734 [INFO] --- Halaman listing 61 ---
2026-06-25 14:25:51,859 [ERROR] Gagal ambil halaman listing 61: 403 Client Error: Forbidden for url: https://putusan3.mahkamahagung.go.id/direktori/index/pengadilan/pn-jakarta-utara/kategori/pemalsuan/page/61.html
2026-06-25 14:25:51,861 [WARNING] Halaman 61 gagal, lewati.
2026-06-25 14:25:55,337 [INFO] --- Halaman listing 62 ---
2026-06-25 14:25:55,828 [ERROR] Gagal ambil halaman listing 62: 403 Client Error: Forbidden for url: https://putusan3.mahkamahagung.go.id/direktori/index/pengadilan/pn-jakarta-utara/kategori/pemalsuan/page/62.html
2026-06-25 14:25:55,830 [WARNING] Halaman 62 gagal, lewati.
2026-06-25 14:25:58,188 [INFO] --- Halaman listing 63 ---
2026-06-25 14:25:58,667 [ERROR] Gagal ambil halaman listing 63: 403 Client Error: Forbidden for url: https://putusan3.mahkamahagung.go.id/direktori/index/pengadilan/pn-jakarta-utara/kategori/pemalsuan/page/63.html
2026-06-25 14:25:58,669 [WARNING] Halaman 63 gagal, lewati.
2026-06-25 14:26:01,024 [INFO] --- Halaman listing 64 ---
2026-06-25 14:26:01,589 [ERROR] Gagal ambil halaman listing 64: 403 Client Error: Forbidden for url: https://putusan3.mahkamahagung.go.id/direktori/index/pengadilan/pn-jakarta-utara/kategori/pemalsuan/page/64.html
2026-06-25 14:26:01,591 [WARNING] Halaman 64 gagal, lewati.
2026-06-25 14:26:05,518 [INFO] --- Halaman listing 65 ---
2026-06-25 14:26:05,959 [ERROR] Gagal ambil halaman listing 65: 403 Client Error: Forbidden for url: https://putusan3.mahkamahagung.go.id/direktori/index/pengadilan/pn-jakarta-utara/kategori/pemalsuan/page/65.html
2026-06-25 14:26:05,961 [WARNING] Halaman 65 gagal, lewati.
2026-06-25 14:26:08,087 [INFO] --- Halaman listing 66 ---
2026-06-25 14:26:08,574 [ERROR] Gagal ambil halaman listing 66: 403 Client Error: Forbidden for url: https://putusan3.mahkamahagung.go.id/direktori/index/pengadilan/pn-jakarta-utara/kategori/pemalsuan/page/66.html
2026-06-25 14:26:08,594 [WARNING] Halaman 66 gagal, lewati.
2026-06-25 14:26:10,749 [INFO] --- Halaman listing 67 ---
2026-06-25 14:26:11,226 [ERROR] Gagal ambil halaman listing 67: 403 Client Error: Forbidden for url: https://putusan3.mahkamahagung.go.id/direktori/index/pengadilan/pn-jakarta-utara/kategori/pemalsuan/page/67.html
2026-06-25 14:26:11,228 [WARNING] Halaman 67 gagal, lewati.
2026-06-25 14:26:15,040 [INFO] --- Halaman listing 68 ---
2026-06-25 14:26:15,891 [ERROR] Gagal ambil halaman listing 68: 403 Client Error: Forbidden for url: https://putusan3.mahkamahagung.go.id/direktori/index/pengadilan/pn-jakarta-utara/kategori/pemalsuan/page/68.html
2026-06-25 14:26:15,893 [WARNING] Halaman 68 gagal, lewati.
2026-06-25 14:26:19,309 [INFO] --- Halaman listing 69 ---
2026-06-25 14:26:19,784 [ERROR] Gagal ambil halaman listing 69: 403 Client Error: Forbidden for url: https://putusan3.mahkamahagung.go.id/direktori/index/pengadilan/pn-jakarta-utara/kategori/pemalsuan/page/69.html
2026-06-25 14:26:19,786 [WARNING] Halaman 69 gagal, lewati.
2026-06-25 14:26:21,979 [INFO] --- Halaman listing 70 ---
2026-06-25 14:26:22,765 [ERROR] Gagal ambil halaman listing 70: 403 Client Error: Forbidden for url: https://putusan3.mahkamahagung.go.id/direktori/index/pengadilan/pn-jakarta-utara/kategori/pemalsuan/page/70.html
2026-06-25 14:26:22,768 [WARNING] Halaman 70 gagal, lewati.
2026-06-25 14:26:25,666 [INFO] --- Halaman listing 71 ---
2026-06-25 14:26:26,324 [ERROR] Gagal ambil halaman listing 71: 403 Client Error: Forbidden for url: https://putusan3.mahkamahagung.go.id/direktori/index/pengadilan/pn-jakarta-utara/kategori/pemalsuan/page/71.html
2026-06-25 14:26:26,326 [WARNING] Halaman 71 gagal, lewati.
2026-06-25 14:26:28,784 [INFO] --- Halaman listing 72 ---
2026-06-25 14:26:29,331 [ERROR] Gagal ambil halaman listing 72: 403 Client Error: Forbidden for url: https://putusan3.mahkamahagung.go.id/direktori/index/pengadilan/pn-jakarta-utara/kategori/pemalsuan/page/72.html
2026-06-25 14:26:29,333 [WARNING] Halaman 72 gagal, lewati.
2026-06-25 14:26:31,567 [INFO] --- Halaman listing 73 ---
2026-06-25 14:26:32,106 [ERROR] Gagal ambil halaman listing 73: 403 Client Error: Forbidden for url: https://putusan3.mahkamahagung.go.id/direktori/index/pengadilan/pn-jakarta-utara/kategori/pemalsuan/page/73.html
2026-06-25 14:26:32,109 [WARNING] Halaman 73 gagal, lewati.
2026-06-25 14:26:35,407 [INFO] --- Halaman listing 74 ---
2026-06-25 14:26:35,864 [ERROR] Gagal ambil halaman listing 74: 403 Client Error: Forbidden for url: https://putusan3.mahkamahagung.go.id/direktori/index/pengadilan/pn-jakarta-utara/kategori/pemalsuan/page/74.html
2026-06-25 14:26:35,866 [WARNING] Halaman 74 gagal, lewati.
2026-06-25 14:26:38,803 [INFO] --- Halaman listing 75 ---
2026-06-25 14:26:39,522 [ERROR] Gagal ambil halaman listing 75: 403 Client Error: Forbidden for url: https://putusan3.mahkamahagung.go.id/direktori/index/pengadilan/pn-jakarta-utara/kategori/pemalsuan/page/75.html
2026-06-25 14:26:39,523 [WARNING] Halaman 75 gagal, lewati.
2026-06-25 14:26:43,054 [INFO] --- Halaman listing 76 ---
2026-06-25 14:26:43,734 [ERROR] Gagal ambil halaman listing 76: 403 Client Error: Forbidden for url: https://putusan3.mahkamahagung.go.id/direktori/index/pengadilan/pn-jakarta-utara/kategori/pemalsuan/page/76.html
2026-06-25 14:26:43,737 [WARNING] Halaman 76 gagal, lewati.
2026-06-25 14:26:46,186 [INFO] --- Halaman listing 77 ---
2026-06-25 14:26:46,971 [ERROR] Gagal ambil halaman listing 77: 403 Client Error: Forbidden for url: https://putusan3.mahkamahagung.go.id/direktori/index/pengadilan/pn-jakarta-utara/kategori/pemalsuan/page/77.html
2026-06-25 14:26:46,973 [WARNING] Halaman 77 gagal, lewati.
2026-06-25 14:26:49,537 [INFO] --- Halaman listing 78 ---
2026-06-25 14:26:50,094 [ERROR] Gagal ambil halaman listing 78: 403 Client Error: Forbidden for url: https://putusan3.mahkamahagung.go.id/direktori/index/pengadilan/pn-jakarta-utara/kategori/pemalsuan/page/78.html
2026-06-25 14:26:50,096 [WARNING] Halaman 78 gagal, lewati.
2026-06-25 14:26:54,072 [INFO] --- Halaman listing 79 ---
2026-06-25 14:26:55,077 [ERROR] Gagal ambil halaman listing 79: 403 Client Error: Forbidden for url: https://putusan3.mahkamahagung.go.id/direktori/index/pengadilan/pn-jakarta-utara/kategori/pemalsuan/page/79.html
2026-06-25 14:26:55,079 [WARNING] Halaman 79 gagal, lewati.
2026-06-25 14:26:59,042 [INFO] --- Halaman listing 80 ---
2026-06-25 14:26:59,697 [ERROR] Gagal ambil halaman listing 80: 403 Client Error: Forbidden for url: https://putusan3.mahkamahagung.go.id/direktori/index/pengadilan/pn-jakarta-utara/kategori/pemalsuan/page/80.html
2026-06-25 14:26:59,701 [WARNING] Halaman 80 gagal, lewati.
2026-06-25 14:27:02,105 [INFO] --- Halaman listing 81 ---
2026-06-25 14:27:02,989 [ERROR] Gagal ambil halaman listing 81: 403 Client Error: Forbidden for url: https://putusan3.mahkamahagung.go.id/direktori/index/pengadilan/pn-jakarta-utara/kategori/pemalsuan/page/81.html
2026-06-25 14:27:02,993 [WARNING] Halaman 81 gagal, lewati.
2026-06-25 14:27:06,362 [INFO] --- Halaman listing 82 ---
2026-06-25 14:27:06,967 [ERROR] Gagal ambil halaman listing 82: 403 Client Error: Forbidden for url: https://putusan3.mahkamahagung.go.id/direktori/index/pengadilan/pn-jakarta-utara/kategori/pemalsuan/page/82.html
2026-06-25 14:27:06,970 [WARNING] Halaman 82 gagal, lewati.
2026-06-25 14:27:10,187 [INFO] --- Halaman listing 83 ---
2026-06-25 14:27:10,837 [ERROR] Gagal ambil halaman listing 83: 403 Client Error: Forbidden for url: https://putusan3.mahkamahagung.go.id/direktori/index/pengadilan/pn-jakarta-utara/kategori/pemalsuan/page/83.html
2026-06-25 14:27:10,839 [WARNING] Halaman 83 gagal, lewati.
2026-06-25 14:27:14,155 [INFO] --- Halaman listing 84 ---
2026-06-25 14:27:14,720 [ERROR] Gagal ambil halaman listing 84: 403 Client Error: Forbidden for url: https://putusan3.mahkamahagung.go.id/direktori/index/pengadilan/pn-jakarta-utara/kategori/pemalsuan/page/84.html
2026-06-25 14:27:14,722 [WARNING] Halaman 84 gagal, lewati.
2026-06-25 14:27:16,730 [INFO] --- Halaman listing 85 ---
2026-06-25 14:27:17,251 [ERROR] Gagal ambil halaman listing 85: 403 Client Error: Forbidden for url: https://putusan3.mahkamahagung.go.id/direktori/index/pengadilan/pn-jakarta-utara/kategori/pemalsuan/page/85.html
2026-06-25 14:27:17,253 [WARNING] Halaman 85 gagal, lewati.
2026-06-25 14:27:20,390 [INFO] --- Halaman listing 86 ---
2026-06-25 14:27:21,075 [ERROR] Gagal ambil halaman listing 86: 403 Client Error: Forbidden for url: https://putusan3.mahkamahagung.go.id/direktori/index/pengadilan/pn-jakarta-utara/kategori/pemalsuan/page/86.html
2026-06-25 14:27:21,077 [WARNING] Halaman 86 gagal, lewati.
2026-06-25 14:27:23,541 [INFO] --- Halaman listing 87 ---
2026-06-25 14:27:24,402 [ERROR] Gagal ambil halaman listing 87: 403 Client Error: Forbidden for url: https://putusan3.mahkamahagung.go.id/direktori/index/pengadilan/pn-jakarta-utara/kategori/pemalsuan/page/87.html
2026-06-25 14:27:24,404 [WARNING] Halaman 87 gagal, lewati.
2026-06-25 14:27:26,522 [INFO] --- Halaman listing 88 ---
2026-06-25 14:27:27,141 [ERROR] Gagal ambil halaman listing 88: 403 Client Error: Forbidden for url: https://putusan3.mahkamahagung.go.id/direktori/index/pengadilan/pn-jakarta-utara/kategori/pemalsuan/page/88.html
2026-06-25 14:27:27,144 [WARNING] Halaman 88 gagal, lewati.
2026-06-25 14:27:30,154 [INFO] --- Halaman listing 89 ---
2026-06-25 14:27:30,971 [ERROR] Gagal ambil halaman listing 89: 403 Client Error: Forbidden for url: https://putusan3.mahkamahagung.go.id/direktori/index/pengadilan/pn-jakarta-utara/kategori/pemalsuan/page/89.html
2026-06-25 14:27:30,974 [WARNING] Halaman 89 gagal, lewati.
2026-06-25 14:27:33,424 [INFO] --- Halaman listing 90 ---
2026-06-25 14:27:34,010 [ERROR] Gagal ambil halaman listing 90: 403 Client Error: Forbidden for url: https://putusan3.mahkamahagung.go.id/direktori/index/pengadilan/pn-jakarta-utara/kategori/pemalsuan/page/90.html
2026-06-25 14:27:34,036 [WARNING] Halaman 90 gagal, lewati.
2026-06-25 14:27:36,513 [INFO] --- Halaman listing 91 ---
2026-06-25 14:27:37,019 [ERROR] Gagal ambil halaman listing 91: 403 Client Error: Forbidden for url: https://putusan3.mahkamahagung.go.id/direktori/index/pengadilan/pn-jakarta-utara/kategori/pemalsuan/page/91.html
2026-06-25 14:27:37,021 [WARNING] Halaman 91 gagal, lewati.
2026-06-25 14:27:40,076 [INFO] --- Halaman listing 92 ---
2026-06-25 14:27:40,583 [ERROR] Gagal ambil halaman listing 92: 403 Client Error: Forbidden for url: https://putusan3.mahkamahagung.go.id/direktori/index/pengadilan/pn-jakarta-utara/kategori/pemalsuan/page/92.html
2026-06-25 14:27:40,585 [WARNING] Halaman 92 gagal, lewati.
2026-06-25 14:27:43,590 [INFO] --- Halaman listing 93 ---
2026-06-25 14:27:44,159 [ERROR] Gagal ambil halaman listing 93: 403 Client Error: Forbidden for url: https://putusan3.mahkamahagung.go.id/direktori/index/pengadilan/pn-jakarta-utara/kategori/pemalsuan/page/93.html
2026-06-25 14:27:44,172 [WARNING] Halaman 93 gagal, lewati.
2026-06-25 14:27:46,321 [INFO] --- Halaman listing 94 ---
2026-06-25 14:27:46,799 [ERROR] Gagal ambil halaman listing 94: 403 Client Error: Forbidden for url: https://putusan3.mahkamahagung.go.id/direktori/index/pengadilan/pn-jakarta-utara/kategori/pemalsuan/page/94.html
2026-06-25 14:27:46,801 [WARNING] Halaman 94 gagal, lewati.
2026-06-25 14:27:49,449 [INFO] --- Halaman listing 95 ---
2026-06-25 14:27:50,251 [ERROR] Gagal ambil halaman listing 95: 403 Client Error: Forbidden for url: https://putusan3.mahkamahagung.go.id/direktori/index/pengadilan/pn-jakarta-utara/kategori/pemalsuan/page/95.html
2026-06-25 14:27:50,262 [WARNING] Halaman 95 gagal, lewati.
2026-06-25 14:27:53,182 [INFO] --- Halaman listing 96 ---
2026-06-25 14:27:53,655 [ERROR] Gagal ambil halaman listing 96: 403 Client Error: Forbidden for url: https://putusan3.mahkamahagung.go.id/direktori/index/pengadilan/pn-jakarta-utara/kategori/pemalsuan/page/96.html
2026-06-25 14:27:53,657 [WARNING] Halaman 96 gagal, lewati.
2026-06-25 14:27:57,284 [INFO] --- Halaman listing 97 ---
2026-06-25 14:27:57,755 [ERROR] Gagal ambil halaman listing 97: 403 Client Error: Forbidden for url: https://putusan3.mahkamahagung.go.id/direktori/index/pengadilan/pn-jakarta-utara/kategori/pemalsuan/page/97.html
2026-06-25 14:27:57,759 [WARNING] Halaman 97 gagal, lewati.
2026-06-25 14:28:00,817 [INFO] --- Halaman listing 98 ---
2026-06-25 14:28:01,313 [ERROR] Gagal ambil halaman listing 98: 403 Client Error: Forbidden for url: https://putusan3.mahkamahagung.go.id/direktori/index/pengadilan/pn-jakarta-utara/kategori/pemalsuan/page/98.html
2026-06-25 14:28:01,315 [WARNING] Halaman 98 gagal, lewati.
2026-06-25 14:28:03,752 [INFO] --- Halaman listing 99 ---
2026-06-25 14:28:04,354 [ERROR] Gagal ambil halaman listing 99: 403 Client Error: Forbidden for url: https://putusan3.mahkamahagung.go.id/direktori/index/pengadilan/pn-jakarta-utara/kategori/pemalsuan/page/99.html
2026-06-25 14:28:04,356 [WARNING] Halaman 99 gagal, lewati.
2026-06-25 14:28:06,738 [INFO] --- Halaman listing 100 ---
2026-06-25 14:28:07,193 [ERROR] Gagal ambil halaman listing 100: 403 Client Error: Forbidden for url: https://putusan3.mahkamahagung.go.id/direktori/index/pengadilan/pn-jakarta-utara/kategori/pemalsuan/page/100.html
2026-06-25 14:28:07,195 [WARNING] Halaman 100 gagal, lewati.
2026-06-25 14:28:09,739 [INFO] --- Halaman listing 101 ---
2026-06-25 14:28:10,416 [ERROR] Gagal ambil halaman listing 101: 403 Client Error: Forbidden for url: https://putusan3.mahkamahagung.go.id/direktori/index/pengadilan/pn-jakarta-utara/kategori/pemalsuan/page/101.html
2026-06-25 14:28:10,418 [WARNING] Halaman 101 gagal, lewati.
2026-06-25 14:28:14,322 [INFO] --- Halaman listing 102 ---
2026-06-25 14:28:14,913 [ERROR] Gagal ambil halaman listing 102: 403 Client Error: Forbidden for url: https://putusan3.mahkamahagung.go.id/direktori/index/pengadilan/pn-jakarta-utara/kategori/pemalsuan/page/102.html
2026-06-25 14:28:14,915 [WARNING] Halaman 102 gagal, lewati.
2026-06-25 14:28:17,250 [INFO] --- Halaman listing 103 ---
2026-06-25 14:28:18,656 [ERROR] Gagal ambil halaman listing 103: 403 Client Error: Forbidden for url: https://putusan3.mahkamahagung.go.id/direktori/index/pengadilan/pn-jakarta-utara/kategori/pemalsuan/page/103.html
2026-06-25 14:28:18,678 [WARNING] Halaman 103 gagal, lewati.
2026-06-25 14:28:22,528 [INFO] --- Halaman listing 104 ---
2026-06-25 14:28:23,171 [ERROR] Gagal ambil halaman listing 104: 403 Client Error: Forbidden for url: https://putusan3.mahkamahagung.go.id/direktori/index/pengadilan/pn-jakarta-utara/kategori/pemalsuan/page/104.html
2026-06-25 14:28:23,173 [WARNING] Halaman 104 gagal, lewati.
2026-06-25 14:28:26,991 [INFO] --- Halaman listing 105 ---
2026-06-25 14:28:27,797 [ERROR] Gagal ambil halaman listing 105: 403 Client Error: Forbidden for url: https://putusan3.mahkamahagung.go.id/direktori/index/pengadilan/pn-jakarta-utara/kategori/pemalsuan/page/105.html
2026-06-25 14:28:27,813 [WARNING] Halaman 105 gagal, lewati.
2026-06-25 14:28:30,611 [INFO] --- Halaman listing 106 ---
2026-06-25 14:28:31,219 [ERROR] Gagal ambil halaman listing 106: 403 Client Error: Forbidden for url: https://putusan3.mahkamahagung.go.id/direktori/index/pengadilan/pn-jakarta-utara/kategori/pemalsuan/page/106.html
2026-06-25 14:28:31,221 [WARNING] Halaman 106 gagal, lewati.
2026-06-25 14:28:34,958 [INFO] --- Halaman listing 107 ---
2026-06-25 14:28:35,747 [ERROR] Gagal ambil halaman listing 107: 403 Client Error: Forbidden for url: https://putusan3.mahkamahagung.go.id/direktori/index/pengadilan/pn-jakarta-utara/kategori/pemalsuan/page/107.html
2026-06-25 14:28:35,763 [WARNING] Halaman 107 gagal, lewati.
2026-06-25 14:28:38,300 [INFO] --- Halaman listing 108 ---
2026-06-25 14:28:38,912 [ERROR] Gagal ambil halaman listing 108: 403 Client Error: Forbidden for url: https://putusan3.mahkamahagung.go.id/direktori/index/pengadilan/pn-jakarta-utara/kategori/pemalsuan/page/108.html
2026-06-25 14:28:38,914 [WARNING] Halaman 108 gagal, lewati.
2026-06-25 14:28:42,257 [INFO] --- Halaman listing 109 ---
2026-06-25 14:28:42,760 [ERROR] Gagal ambil halaman listing 109: 403 Client Error: Forbidden for url: https://putusan3.mahkamahagung.go.id/direktori/index/pengadilan/pn-jakarta-utara/kategori/pemalsuan/page/109.html
2026-06-25 14:28:42,763 [WARNING] Halaman 109 gagal, lewati.
2026-06-25 14:28:45,495 [INFO] --- Halaman listing 110 ---
2026-06-25 14:28:46,188 [ERROR] Gagal ambil halaman listing 110: 403 Client Error: Forbidden for url: https://putusan3.mahkamahagung.go.id/direktori/index/pengadilan/pn-jakarta-utara/kategori/pemalsuan/page/110.html
2026-06-25 14:28:46,190 [WARNING] Halaman 110 gagal, lewati.
2026-06-25 14:28:49,836 [INFO] --- Halaman listing 111 ---
2026-06-25 14:28:50,416 [ERROR] Gagal ambil halaman listing 111: 403 Client Error: Forbidden for url: https://putusan3.mahkamahagung.go.id/direktori/index/pengadilan/pn-jakarta-utara/kategori/pemalsuan/page/111.html
2026-06-25 14:28:50,418 [WARNING] Halaman 111 gagal, lewati.
2026-06-25 14:28:52,909 [INFO] --- Halaman listing 112 ---
2026-06-25 14:28:53,547 [ERROR] Gagal ambil halaman listing 112: 403 Client Error: Forbidden for url: https://putusan3.mahkamahagung.go.id/direktori/index/pengadilan/pn-jakarta-utara/kategori/pemalsuan/page/112.html
2026-06-25 14:28:53,549 [WARNING] Halaman 112 gagal, lewati.
2026-06-25 14:28:56,776 [INFO] --- Halaman listing 113 ---
2026-06-25 14:28:57,236 [ERROR] Gagal ambil halaman listing 113: 403 Client Error: Forbidden for url: https://putusan3.mahkamahagung.go.id/direktori/index/pengadilan/pn-jakarta-utara/kategori/pemalsuan/page/113.html
2026-06-25 14:28:57,242 [WARNING] Halaman 113 gagal, lewati.
2026-06-25 14:29:01,142 [INFO] --- Halaman listing 114 ---
2026-06-25 14:29:01,624 [ERROR] Gagal ambil halaman listing 114: 403 Client Error: Forbidden for url: https://putusan3.mahkamahagung.go.id/direktori/index/pengadilan/pn-jakarta-utara/kategori/pemalsuan/page/114.html
2026-06-25 14:29:01,626 [WARNING] Halaman 114 gagal, lewati.
2026-06-25 14:29:04,505 [INFO] --- Halaman listing 115 ---
2026-06-25 14:29:05,167 [ERROR] Gagal ambil halaman listing 115: 403 Client Error: Forbidden for url: https://putusan3.mahkamahagung.go.id/direktori/index/pengadilan/pn-jakarta-utara/kategori/pemalsuan/page/115.html
2026-06-25 14:29:05,176 [WARNING] Halaman 115 gagal, lewati.
2026-06-25 14:29:07,265 [INFO] --- Halaman listing 116 ---
2026-06-25 14:29:07,965 [ERROR] Gagal ambil halaman listing 116: 403 Client Error: Forbidden for url: https://putusan3.mahkamahagung.go.id/direktori/index/pengadilan/pn-jakarta-utara/kategori/pemalsuan/page/116.html
2026-06-25 14:29:07,967 [WARNING] Halaman 116 gagal, lewati.
2026-06-25 14:29:11,882 [INFO] --- Halaman listing 117 ---
2026-06-25 14:29:12,600 [ERROR] Gagal ambil halaman listing 117: 403 Client Error: Forbidden for url: https://putusan3.mahkamahagung.go.id/direktori/index/pengadilan/pn-jakarta-utara/kategori/pemalsuan/page/117.html
2026-06-25 14:29:12,614 [WARNING] Halaman 117 gagal, lewati.
2026-06-25 14:29:15,279 [INFO] --- Halaman listing 118 ---
2026-06-25 14:29:16,021 [ERROR] Gagal ambil halaman listing 118: 403 Client Error: Forbidden for url: https://putusan3.mahkamahagung.go.id/direktori/index/pengadilan/pn-jakarta-utara/kategori/pemalsuan/page/118.html
2026-06-25 14:29:16,023 [WARNING] Halaman 118 gagal, lewati.
2026-06-25 14:29:19,529 [INFO] --- Halaman listing 119 ---
2026-06-25 14:29:20,033 [ERROR] Gagal ambil halaman listing 119: 403 Client Error: Forbidden for url: https://putusan3.mahkamahagung.go.id/direktori/index/pengadilan/pn-jakarta-utara/kategori/pemalsuan/page/119.html
2026-06-25 14:29:20,035 [WARNING] Halaman 119 gagal, lewati.
2026-06-25 14:29:22,415 [INFO] --- Halaman listing 120 ---
2026-06-25 14:29:22,938 [ERROR] Gagal ambil halaman listing 120: 403 Client Error: Forbidden for url: https://putusan3.mahkamahagung.go.id/direktori/index/pengadilan/pn-jakarta-utara/kategori/pemalsuan/page/120.html
2026-06-25 14:29:22,941 [WARNING] Halaman 120 gagal, lewati.
2026-06-25 14:29:26,246 [INFO] --- Halaman listing 121 ---
2026-06-25 14:29:26,818 [ERROR] Gagal ambil halaman listing 121: 403 Client Error: Forbidden for url: https://putusan3.mahkamahagung.go.id/direktori/index/pengadilan/pn-jakarta-utara/kategori/pemalsuan/page/121.html
2026-06-25 14:29:26,820 [WARNING] Halaman 121 gagal, lewati.
2026-06-25 14:29:28,974 [INFO] --- Halaman listing 122 ---
2026-06-25 14:29:29,975 [ERROR] Gagal ambil halaman listing 122: 403 Client Error: Forbidden for url: https://putusan3.mahkamahagung.go.id/direktori/index/pengadilan/pn-jakarta-utara/kategori/pemalsuan/page/122.html
2026-06-25 14:29:29,998 [WARNING] Halaman 122 gagal, lewati.
2026-06-25 14:29:32,069 [INFO] --- Halaman listing 123 ---
2026-06-25 14:29:32,624 [ERROR] Gagal ambil halaman listing 123: 403 Client Error: Forbidden for url: https://putusan3.mahkamahagung.go.id/direktori/index/pengadilan/pn-jakarta-utara/kategori/pemalsuan/page/123.html
2026-06-25 14:29:32,626 [WARNING] Halaman 123 gagal, lewati.
2026-06-25 14:29:35,478 [INFO] --- Halaman listing 124 ---
2026-06-25 14:29:36,197 [ERROR] Gagal ambil halaman listing 124: 403 Client Error: Forbidden for url: https://putusan3.mahkamahagung.go.id/direktori/index/pengadilan/pn-jakarta-utara/kategori/pemalsuan/page/124.html
2026-06-25 14:29:36,199 [WARNING] Halaman 124 gagal, lewati.
2026-06-25 14:29:39,650 [INFO] --- Halaman listing 125 ---
2026-06-25 14:29:40,108 [ERROR] Gagal ambil halaman listing 125: 403 Client Error: Forbidden for url: https://putusan3.mahkamahagung.go.id/direktori/index/pengadilan/pn-jakarta-utara/kategori/pemalsuan/page/125.html
2026-06-25 14:29:40,110 [WARNING] Halaman 125 gagal, lewati.
2026-06-25 14:29:42,236 [INFO] --- Halaman listing 126 ---
2026-06-25 14:29:42,706 [ERROR] Gagal ambil halaman listing 126: 403 Client Error: Forbidden for url: https://putusan3.mahkamahagung.go.id/direktori/index/pengadilan/pn-jakarta-utara/kategori/pemalsuan/page/126.html
2026-06-25 14:29:42,708 [WARNING] Halaman 126 gagal, lewati.
2026-06-25 14:29:44,917 [INFO] --- Halaman listing 127 ---
2026-06-25 14:29:45,362 [ERROR] Gagal ambil halaman listing 127: 403 Client Error: Forbidden for url: https://putusan3.mahkamahagung.go.id/direktori/index/pengadilan/pn-jakarta-utara/kategori/pemalsuan/page/127.html
2026-06-25 14:29:45,364 [WARNING] Halaman 127 gagal, lewati.
2026-06-25 14:29:48,848 [INFO] --- Halaman listing 128 ---
2026-06-25 14:29:49,340 [ERROR] Gagal ambil halaman listing 128: 403 Client Error: Forbidden for url: https://putusan3.mahkamahagung.go.id/direktori/index/pengadilan/pn-jakarta-utara/kategori/pemalsuan/page/128.html
2026-06-25 14:29:49,343 [WARNING] Halaman 128 gagal, lewati.
2026-06-25 14:29:53,273 [INFO] --- Halaman listing 129 ---
2026-06-25 14:29:53,766 [ERROR] Gagal ambil halaman listing 129: 403 Client Error: Forbidden for url: https://putusan3.mahkamahagung.go.id/direktori/index/pengadilan/pn-jakarta-utara/kategori/pemalsuan/page/129.html
2026-06-25 14:29:53,768 [WARNING] Halaman 129 gagal, lewati.
2026-06-25 14:29:57,123 [INFO] --- Halaman listing 130 ---
2026-06-25 14:29:57,855 [ERROR] Gagal ambil halaman listing 130: 403 Client Error: Forbidden for url: https://putusan3.mahkamahagung.go.id/direktori/index/pengadilan/pn-jakarta-utara/kategori/pemalsuan/page/130.html
2026-06-25 14:29:57,869 [WARNING] Halaman 130 gagal, lewati.
2026-06-25 14:30:00,542 [INFO] --- Halaman listing 131 ---
2026-06-25 14:30:01,134 [ERROR] Gagal ambil halaman listing 131: 403 Client Error: Forbidden for url: https://putusan3.mahkamahagung.go.id/direktori/index/pengadilan/pn-jakarta-utara/kategori/pemalsuan/page/131.html
2026-06-25 14:30:01,136 [WARNING] Halaman 131 gagal, lewati.
2026-06-25 14:30:04,953 [INFO] --- Halaman listing 132 ---
2026-06-25 14:30:05,545 [ERROR] Gagal ambil halaman listing 132: 403 Client Error: Forbidden for url: https://putusan3.mahkamahagung.go.id/direktori/index/pengadilan/pn-jakarta-utara/kategori/pemalsuan/page/132.html
2026-06-25 14:30:05,546 [WARNING] Halaman 132 gagal, lewati.
2026-06-25 14:30:08,992 [INFO] --- Halaman listing 133 ---
2026-06-25 14:30:09,593 [ERROR] Gagal ambil halaman listing 133: 403 Client Error: Forbidden for url: https://putusan3.mahkamahagung.go.id/direktori/index/pengadilan/pn-jakarta-utara/kategori/pemalsuan/page/133.html
2026-06-25 14:30:09,599 [WARNING] Halaman 133 gagal, lewati.
2026-06-25 14:30:13,196 [INFO] --- Halaman listing 134 ---
2026-06-25 14:30:13,844 [ERROR] Gagal ambil halaman listing 134: 403 Client Error: Forbidden for url: https://putusan3.mahkamahagung.go.id/direktori/index/pengadilan/pn-jakarta-utara/kategori/pemalsuan/page/134.html
2026-06-25 14:30:13,847 [WARNING] Halaman 134 gagal, lewati.
2026-06-25 14:30:17,474 [INFO] --- Halaman listing 135 ---
2026-06-25 14:30:18,376 [ERROR] Gagal ambil halaman listing 135: 403 Client Error: Forbidden for url: https://putusan3.mahkamahagung.go.id/direktori/index/pengadilan/pn-jakarta-utara/kategori/pemalsuan/page/135.html
2026-06-25 14:30:18,378 [WARNING] Halaman 135 gagal, lewati.
2026-06-25 14:30:21,100 [INFO] --- Halaman listing 136 ---
2026-06-25 14:30:21,559 [ERROR] Gagal ambil halaman listing 136: 403 Client Error: Forbidden for url: https://putusan3.mahkamahagung.go.id/direktori/index/pengadilan/pn-jakarta-utara/kategori/pemalsuan/page/136.html
2026-06-25 14:30:21,561 [WARNING] Halaman 136 gagal, lewati.
2026-06-25 14:30:24,997 [INFO] --- Halaman listing 137 ---
2026-06-25 14:30:25,461 [ERROR] Gagal ambil halaman listing 137: 403 Client Error: Forbidden for url: https://putusan3.mahkamahagung.go.id/direktori/index/pengadilan/pn-jakarta-utara/kategori/pemalsuan/page/137.html
2026-06-25 14:30:25,463 [WARNING] Halaman 137 gagal, lewati.
2026-06-25 14:30:29,051 [INFO] --- Halaman listing 138 ---
2026-06-25 14:30:29,599 [ERROR] Gagal ambil halaman listing 138: 403 Client Error: Forbidden for url: https://putusan3.mahkamahagung.go.id/direktori/index/pengadilan/pn-jakarta-utara/kategori/pemalsuan/page/138.html
2026-06-25 14:30:29,602 [WARNING] Halaman 138 gagal, lewati.
2026-06-25 14:30:33,552 [INFO] --- Halaman listing 139 ---
2026-06-25 14:30:34,329 [ERROR] Gagal ambil halaman listing 139: 403 Client Error: Forbidden for url: https://putusan3.mahkamahagung.go.id/direktori/index/pengadilan/pn-jakarta-utara/kategori/pemalsuan/page/139.html
2026-06-25 14:30:34,331 [WARNING] Halaman 139 gagal, lewati.
2026-06-25 14:30:37,577 [INFO] --- Halaman listing 140 ---
2026-06-25 14:30:38,244 [ERROR] Gagal ambil halaman listing 140: 403 Client Error: Forbidden for url: https://putusan3.mahkamahagung.go.id/direktori/index/pengadilan/pn-jakarta-utara/kategori/pemalsuan/page/140.html
2026-06-25 14:30:38,245 [WARNING] Halaman 140 gagal, lewati.
2026-06-25 14:30:41,384 [INFO] --- Halaman listing 141 ---
2026-06-25 14:30:42,068 [ERROR] Gagal ambil halaman listing 141: 403 Client Error: Forbidden for url: https://putusan3.mahkamahagung.go.id/direktori/index/pengadilan/pn-jakarta-utara/kategori/pemalsuan/page/141.html
2026-06-25 14:30:42,070 [WARNING] Halaman 141 gagal, lewati.
2026-06-25 14:30:45,373 [INFO] --- Halaman listing 142 ---
2026-06-25 14:30:45,875 [ERROR] Gagal ambil halaman listing 142: 403 Client Error: Forbidden for url: https://putusan3.mahkamahagung.go.id/direktori/index/pengadilan/pn-jakarta-utara/kategori/pemalsuan/page/142.html
2026-06-25 14:30:45,878 [WARNING] Halaman 142 gagal, lewati.
2026-06-25 14:30:48,704 [INFO] --- Halaman listing 143 ---
2026-06-25 14:30:49,548 [ERROR] Gagal ambil halaman listing 143: 403 Client Error: Forbidden for url: https://putusan3.mahkamahagung.go.id/direktori/index/pengadilan/pn-jakarta-utara/kategori/pemalsuan/page/143.html
2026-06-25 14:30:49,550 [WARNING] Halaman 143 gagal, lewati.
2026-06-25 14:30:53,090 [INFO] --- Halaman listing 144 ---
2026-06-25 14:30:53,923 [ERROR] Gagal ambil halaman listing 144: 403 Client Error: Forbidden for url: https://putusan3.mahkamahagung.go.id/direktori/index/pengadilan/pn-jakarta-utara/kategori/pemalsuan/page/144.html
2026-06-25 14:30:53,927 [WARNING] Halaman 144 gagal, lewati.
2026-06-25 14:30:56,330 [INFO] --- Halaman listing 145 ---
2026-06-25 14:30:57,049 [ERROR] Gagal ambil halaman listing 145: 403 Client Error: Forbidden for url: https://putusan3.mahkamahagung.go.id/direktori/index/pengadilan/pn-jakarta-utara/kategori/pemalsuan/page/145.html
2026-06-25 14:30:57,051 [WARNING] Halaman 145 gagal, lewati.
2026-06-25 14:31:00,977 [INFO] --- Halaman listing 146 ---
2026-06-25 14:31:01,603 [ERROR] Gagal ambil halaman listing 146: 403 Client Error: Forbidden for url: https://putusan3.mahkamahagung.go.id/direktori/index/pengadilan/pn-jakarta-utara/kategori/pemalsuan/page/146.html
2026-06-25 14:31:01,605 [WARNING] Halaman 146 gagal, lewati.
2026-06-25 14:31:04,263 [INFO] --- Halaman listing 147 ---
2026-06-25 14:31:04,795 [ERROR] Gagal ambil halaman listing 147: 403 Client Error: Forbidden for url: https://putusan3.mahkamahagung.go.id/direktori/index/pengadilan/pn-jakarta-utara/kategori/pemalsuan/page/147.html
2026-06-25 14:31:04,810 [WARNING] Halaman 147 gagal, lewati.
2026-06-25 14:31:07,980 [INFO] --- Halaman listing 148 ---
2026-06-25 14:31:08,465 [ERROR] Gagal ambil halaman listing 148: 403 Client Error: Forbidden for url: https://putusan3.mahkamahagung.go.id/direktori/index/pengadilan/pn-jakarta-utara/kategori/pemalsuan/page/148.html
2026-06-25 14:31:08,467 [WARNING] Halaman 148 gagal, lewati.
2026-06-25 14:31:10,901 [INFO] --- Halaman listing 149 ---
2026-06-25 14:31:11,544 [ERROR] Gagal ambil halaman listing 149: 403 Client Error: Forbidden for url: https://putusan3.mahkamahagung.go.id/direktori/index/pengadilan/pn-jakarta-utara/kategori/pemalsuan/page/149.html
2026-06-25 14:31:11,545 [WARNING] Halaman 149 gagal, lewati.
2026-06-25 14:31:14,800 [INFO] --- Halaman listing 150 ---
2026-06-25 14:31:15,697 [ERROR] Gagal ambil halaman listing 150: 403 Client Error: Forbidden for url: https://putusan3.mahkamahagung.go.id/direktori/index/pengadilan/pn-jakarta-utara/kategori/pemalsuan/page/150.html
2026-06-25 14:31:15,699 [WARNING] Halaman 150 gagal, lewati.
2026-06-25 14:31:18,957 [INFO] Metadata disimpan: data\raw\metadata_raw.json
2026-06-25 14:31:18,958 [INFO] ============================================================
2026-06-25 14:31:18,959 [INFO] SUMMARY AKHIR
2026-06-25 14:31:18,960 [INFO]   [KURANG] pasal_263: 0/40
2026-06-25 14:31:18,961 [INFO]   Total metadata: 0 entri
2026-06-25 14:31:18,963 [INFO]   File PDF: C:\Users\CENTRALGALAXY\OneDrive\Dokumen\PK\T3\data\raw
2026-06-25 14:31:18,964 [INFO] ============================================================
